<?xml version="1.0" encoding="UTF-8"?>
<coverage generated="1541136217450" clover="3.2.0">
  <project timestamp="1541136217450" name="All files">
    <metrics statements="61" coveredstatements="47" conditionals="6" coveredconditionals="2" methods="21" coveredmethods="10" elements="88" coveredelements="59" complexity="0" loc="61" ncloc="61" packages="2" files="6" classes="6">
      <package name="client.src.components">
        <metrics statements="58" coveredstatements="44" conditionals="6" coveredconditionals="2" methods="20" coveredmethods="9"/>
        <file name="list.jsx" path="/Users/Li/Desktop/reviews-module/client/src/components/list.jsx">
          <metrics statements="3" coveredstatements="3" conditionals="0" coveredconditionals="0" methods="2" coveredmethods="2"/>
          <line num="6" count="2" type="stmt"/>
          <line num="7" count="1" type="stmt"/>
          <line num="9" count="3" type="stmt"/>
        </file>
        <file name="listEntry.jsx" path="/Users/Li/Desktop/reviews-module/client/src/components/listEntry.jsx">
          <metrics statements="13" coveredstatements="12" conditionals="4" coveredconditionals="2" methods="4" coveredmethods="2"/>
          <line num="7" count="1" type="stmt"/>
          <line num="9" count="1" type="stmt"/>
          <line num="15" count="0" type="stmt"/>
          <line num="21" count="1" type="cond" truecount="1" falsecount="1"/>
          <line num="24" count="1" type="stmt"/>
          <line num="55" count="3" type="stmt"/>
          <line num="62" count="3" type="stmt"/>
          <line num="70" count="3" type="stmt"/>
          <line num="77" count="3" type="stmt"/>
          <line num="85" count="3" type="stmt"/>
          <line num="89" count="3" type="stmt"/>
          <line num="95" count="3" type="stmt"/>
          <line num="102" count="3" type="stmt"/>
        </file>
        <file name="reviews.jsx" path="/Users/Li/Desktop/reviews-module/client/src/components/reviews.jsx">
          <metrics statements="31" coveredstatements="19" conditionals="2" coveredconditionals="0" methods="13" coveredmethods="5"/>
          <line num="11" count="2" type="stmt"/>
          <line num="13" count="2" type="stmt"/>
          <line num="19" count="2" type="stmt"/>
          <line num="20" count="2" type="stmt"/>
          <line num="24" count="2" type="stmt"/>
          <line num="27" count="2" type="stmt"/>
          <line num="30" count="0" type="stmt"/>
          <line num="35" count="0" type="stmt"/>
          <line num="37" count="2" type="stmt"/>
          <line num="40" count="0" type="stmt"/>
          <line num="44" count="0" type="stmt"/>
          <line num="48" count="0" type="stmt"/>
          <line num="54" count="0" type="cond" truecount="0" falsecount="2"/>
          <line num="55" count="0" type="stmt"/>
          <line num="56" count="0" type="stmt"/>
          <line num="58" count="0" type="stmt"/>
          <line num="59" count="0" type="stmt"/>
          <line num="61" count="0" type="stmt"/>
          <line num="71" count="2" type="stmt"/>
          <line num="78" count="10" type="stmt"/>
          <line num="80" count="2" type="stmt"/>
          <line num="83" count="2" type="stmt"/>
          <line num="106" count="0" type="stmt"/>
          <line num="133" count="1" type="stmt"/>
          <line num="139" count="1" type="stmt"/>
          <line num="149" count="1" type="stmt"/>
          <line num="160" count="1" type="stmt"/>
          <line num="166" count="1" type="stmt"/>
          <line num="170" count="1" type="stmt"/>
          <line num="176" count="1" type="stmt"/>
          <line num="184" count="1" type="stmt"/>
        </file>
        <file name="stars.jsx" path="/Users/Li/Desktop/reviews-module/client/src/components/stars.jsx">
          <metrics statements="11" coveredstatements="10" conditionals="0" coveredconditionals="0" methods="1" coveredmethods="0"/>
          <line num="5" count="1" type="stmt"/>
          <line num="7" count="0" type="stmt"/>
          <line num="144" count="1" type="stmt"/>
          <line num="149" count="1" type="stmt"/>
          <line num="154" count="1" type="stmt"/>
          <line num="159" count="1" type="stmt"/>
          <line num="165" count="1" type="stmt"/>
          <line num="171" count="1" type="stmt"/>
          <line num="182" count="1" type="stmt"/>
          <line num="193" count="1" type="stmt"/>
          <line num="199" count="1" type="stmt"/>
        </file>
      </package>
      <package name="test">
        <metrics statements="3" coveredstatements="3" conditionals="0" coveredconditionals="0" methods="1" coveredmethods="1"/>
        <file name="setupTest.js" path="/Users/Li/Desktop/reviews-module/test/setupTest.js">
          <metrics statements="1" coveredstatements="1" conditionals="0" coveredconditionals="0" methods="0" coveredmethods="0"/>
          <line num="5" count="4" type="stmt"/>
        </file>
        <file name="sum.js" path="/Users/Li/Desktop/reviews-module/test/sum.js">
          <metrics statements="2" coveredstatements="2" conditionals="0" coveredconditionals="0" methods="1" coveredmethods="1"/>
          <line num="2" count="1" type="stmt"/>
          <line num="4" count="1" type="stmt"/>
        </file>
      </package>
    </metrics>
  </project>
</coverage>
