{"/Users/luantran/Documents/FEC/FEC-app/reviews-module/client/src/components/list.jsx": {"path":"/Users/luantran/Documents/FEC/FEC-app/reviews-module/client/src/components/list.jsx","statementMap":{"0":{"start":{"line":6,"column":13},"end":{"line":11,"column":1}},"1":{"start":{"line":7,"column":2},"end":{"line":10,"column":8}},"2":{"start":{"line":9,"column":6},"end":{"line":9,"column":85}}},"fnMap":{"0":{"name":"(anonymous_0)","decl":{"start":{"line":6,"column":13},"end":{"line":6,"column":14}},"loc":{"start":{"line":7,"column":2},"end":{"line":10,"column":8}},"line":7},"1":{"name":"(anonymous_1)","decl":{"start":{"line":8,"column":21},"end":{"line":8,"column":22}},"loc":{"start":{"line":9,"column":6},"end":{"line":9,"column":85}},"line":9}},"branchMap":{},"s":{"0":3,"1":6,"2":4},"f":{"0":6,"1":4},"b":{},"_coverageSchema":"332fd63041d2c1bcb487cc26dd0d5f7d97098a6c","hash":"05c73db9d16a5976e60e5857849f3b1de235d9be"}
,"/Users/luantran/Documents/FEC/FEC-app/reviews-module/client/src/components/listEntry.jsx": {"path":"/Users/luantran/Documents/FEC/FEC-app/reviews-module/client/src/components/listEntry.jsx","statementMap":{"0":{"start":{"line":7,"column":4},"end":{"line":7,"column":17}},"1":{"start":{"line":9,"column":4},"end":{"line":11,"column":7}},"2":{"start":{"line":12,"column":4},"end":{"line":12,"column":57}},"3":{"start":{"line":16,"column":4},"end":{"line":18,"column":8}},"4":{"start":{"line":16,"column":30},"end":{"line":18,"column":5}},"5":{"start":{"line":22,"column":24},"end":{"line":24,"column":66}},"6":{"start":{"line":25,"column":4},"end":{"line":45,"column":6}},"7":{"start":{"line":55,"column":13},"end":{"line":60,"column":1}},"8":{"start":{"line":62,"column":21},"end":{"line":67,"column":1}},"9":{"start":{"line":69,"column":20},"end":{"line":74,"column":1}},"10":{"start":{"line":76,"column":21},"end":{"line":82,"column":1}},"11":{"start":{"line":84,"column":19},"end":{"line":86,"column":1}},"12":{"start":{"line":88,"column":13},"end":{"line":92,"column":1}},"13":{"start":{"line":94,"column":16},"end":{"line":99,"column":1}},"14":{"start":{"line":101,"column":23},"end":{"line":108,"column":1}}},"fnMap":{"0":{"name":"(anonymous_0)","decl":{"start":{"line":6,"column":2},"end":{"line":6,"column":3}},"loc":{"start":{"line":6,"column":21},"end":{"line":13,"column":3}},"line":6},"1":{"name":"(anonymous_1)","decl":{"start":{"line":15,"column":2},"end":{"line":15,"column":3}},"loc":{"start":{"line":15,"column":19},"end":{"line":19,"column":3}},"line":15},"2":{"name":"(anonymous_2)","decl":{"start":{"line":16,"column":18},"end":{"line":16,"column":19}},"loc":{"start":{"line":16,"column":30},"end":{"line":18,"column":5}},"line":16},"3":{"name":"(anonymous_3)","decl":{"start":{"line":21,"column":2},"end":{"line":21,"column":3}},"loc":{"start":{"line":21,"column":11},"end":{"line":46,"column":3}},"line":21}},"branchMap":{"0":{"loc":{"start":{"line":22,"column":24},"end":{"line":24,"column":66}},"type":"cond-expr","locations":[{"start":{"line":23,"column":8},"end":{"line":23,"column":50}},{"start":{"line":24,"column":8},"end":{"line":24,"column":66}}],"line":22},"1":{"loc":{"start":{"line":41,"column":57},"end":{"line":41,"column":105}},"type":"cond-expr","locations":[{"start":{"line":41,"column":80},"end":{"line":41,"column":91}},{"start":{"line":41,"column":94},"end":{"line":41,"column":105}}],"line":41}},"s":{"0":3,"1":3,"2":3,"3":1,"4":1,"5":4,"6":4,"7":3,"8":3,"9":3,"10":3,"11":3,"12":3,"13":3,"14":3},"f":{"0":3,"1":1,"2":1,"3":4},"b":{"0":[1,3],"1":[3,1]},"_coverageSchema":"332fd63041d2c1bcb487cc26dd0d5f7d97098a6c","hash":"b2f09068b3c068093295483ad098326fd4726789"}
,"/Users/luantran/Documents/FEC/FEC-app/reviews-module/client/src/components/report.jsx": {"path":"/Users/luantran/Documents/FEC/FEC-app/reviews-module/client/src/components/report.jsx","statementMap":{"0":{"start":{"line":5,"column":15},"end":{"line":62,"column":1}},"1":{"start":{"line":6,"column":2},"end":{"line":61,"column":4}},"2":{"start":{"line":69,"column":19},"end":{"line":118,"column":1}}},"fnMap":{"0":{"name":"(anonymous_0)","decl":{"start":{"line":5,"column":15},"end":{"line":5,"column":16}},"loc":{"start":{"line":5,"column":26},"end":{"line":62,"column":1}},"line":5}},"branchMap":{},"s":{"0":2,"1":6,"2":2},"f":{"0":6},"b":{},"_coverageSchema":"332fd63041d2c1bcb487cc26dd0d5f7d97098a6c","hash":"5d052483b0fd2f6d9e4241ef573e10ca58ac318c"}
,"/Users/luantran/Documents/FEC/FEC-app/reviews-module/client/src/components/reviews.jsx": {"path":"/Users/luantran/Documents/FEC/FEC-app/reviews-module/client/src/components/reviews.jsx","statementMap":{"0":{"start":{"line":12,"column":4},"end":{"line":12,"column":17}},"1":{"start":{"line":14,"column":4},"end":{"line":20,"column":6}},"2":{"start":{"line":21,"column":4},"end":{"line":21,"column":53}},"3":{"start":{"line":22,"column":4},"end":{"line":22,"column":53}},"4":{"start":{"line":23,"column":4},"end":{"line":23,"column":59}},"5":{"start":{"line":24,"column":4},"end":{"line":24,"column":61}},"6":{"start":{"line":28,"column":15},"end":{"line":28,"column":49}},"7":{"start":{"line":31,"column":4},"end":{"line":39,"column":44}},"8":{"start":{"line":34,"column":8},"end":{"line":37,"column":11}},"9":{"start":{"line":39,"column":24},"end":{"line":39,"column":42}},"10":{"start":{"line":41,"column":4},"end":{"line":48,"column":44}},"11":{"start":{"line":44,"column":8},"end":{"line":46,"column":11}},"12":{"start":{"line":48,"column":24},"end":{"line":48,"column":42}},"13":{"start":{"line":52,"column":4},"end":{"line":54,"column":7}},"14":{"start":{"line":58,"column":4},"end":{"line":66,"column":5}},"15":{"start":{"line":59,"column":20},"end":{"line":59,"column":42}},"16":{"start":{"line":60,"column":20},"end":{"line":60,"column":36}},"17":{"start":{"line":61,"column":28},"end":{"line":62,"column":67}},"18":{"start":{"line":62,"column":8},"end":{"line":62,"column":66}},"19":{"start":{"line":63,"column":6},"end":{"line":65,"column":9}},"20":{"start":{"line":70,"column":19},"end":{"line":70,"column":29}},"21":{"start":{"line":71,"column":4},"end":{"line":71,"column":30}},"22":{"start":{"line":72,"column":4},"end":{"line":72,"column":28}},"23":{"start":{"line":76,"column":19},"end":{"line":76,"column":29}},"24":{"start":{"line":77,"column":4},"end":{"line":77,"column":31}},"25":{"start":{"line":78,"column":4},"end":{"line":78,"column":28}},"26":{"start":{"line":84,"column":16},"end":{"line":89,"column":46}},"27":{"start":{"line":91,"column":20},"end":{"line":91,"column":68}},"28":{"start":{"line":91,"column":29},"end":{"line":91,"column":68}},"29":{"start":{"line":91,"column":49},"end":{"line":91,"column":54}},"30":{"start":{"line":93,"column":29},"end":{"line":93,"column":51}},"31":{"start":{"line":96,"column":4},"end":{"line":135,"column":6}},"32":{"start":{"line":123,"column":138},"end":{"line":123,"column":158}},"33":{"start":{"line":145,"column":13},"end":{"line":149,"column":1}},"34":{"start":{"line":151,"column":22},"end":{"line":159,"column":1}},"35":{"start":{"line":161,"column":25},"end":{"line":170,"column":1}},"36":{"start":{"line":172,"column":28},"end":{"line":176,"column":1}},"37":{"start":{"line":178,"column":25},"end":{"line":180,"column":1}},"38":{"start":{"line":182,"column":23},"end":{"line":186,"column":1}},"39":{"start":{"line":189,"column":17},"end":{"line":191,"column":1}},"40":{"start":{"line":193,"column":20},"end":{"line":203,"column":1}},"41":{"start":{"line":205,"column":24},"end":{"line":211,"column":1}},"42":{"start":{"line":213,"column":15},"end":{"line":218,"column":1}}},"fnMap":{"0":{"name":"(anonymous_0)","decl":{"start":{"line":11,"column":2},"end":{"line":11,"column":3}},"loc":{"start":{"line":11,"column":21},"end":{"line":25,"column":3}},"line":11},"1":{"name":"(anonymous_1)","decl":{"start":{"line":27,"column":2},"end":{"line":27,"column":3}},"loc":{"start":{"line":27,"column":22},"end":{"line":49,"column":3}},"line":27},"2":{"name":"(anonymous_2)","decl":{"start":{"line":32,"column":12},"end":{"line":32,"column":13}},"loc":{"start":{"line":32,"column":26},"end":{"line":38,"column":7}},"line":32},"3":{"name":"(anonymous_3)","decl":{"start":{"line":39,"column":13},"end":{"line":39,"column":14}},"loc":{"start":{"line":39,"column":24},"end":{"line":39,"column":42}},"line":39},"4":{"name":"(anonymous_4)","decl":{"start":{"line":42,"column":12},"end":{"line":42,"column":13}},"loc":{"start":{"line":42,"column":26},"end":{"line":47,"column":7}},"line":42},"5":{"name":"(anonymous_5)","decl":{"start":{"line":48,"column":13},"end":{"line":48,"column":14}},"loc":{"start":{"line":48,"column":24},"end":{"line":48,"column":42}},"line":48},"6":{"name":"(anonymous_6)","decl":{"start":{"line":51,"column":2},"end":{"line":51,"column":3}},"loc":{"start":{"line":51,"column":22},"end":{"line":55,"column":3}},"line":51},"7":{"name":"(anonymous_7)","decl":{"start":{"line":57,"column":2},"end":{"line":57,"column":3}},"loc":{"start":{"line":57,"column":22},"end":{"line":67,"column":3}},"line":57},"8":{"name":"(anonymous_8)","decl":{"start":{"line":61,"column":41},"end":{"line":61,"column":42}},"loc":{"start":{"line":62,"column":8},"end":{"line":62,"column":66}},"line":62},"9":{"name":"(anonymous_9)","decl":{"start":{"line":69,"column":2},"end":{"line":69,"column":3}},"loc":{"start":{"line":69,"column":20},"end":{"line":73,"column":3}},"line":69},"10":{"name":"(anonymous_10)","decl":{"start":{"line":75,"column":2},"end":{"line":75,"column":3}},"loc":{"start":{"line":75,"column":21},"end":{"line":79,"column":3}},"line":75},"11":{"name":"(anonymous_11)","decl":{"start":{"line":81,"column":2},"end":{"line":81,"column":3}},"loc":{"start":{"line":81,"column":11},"end":{"line":136,"column":3}},"line":81},"12":{"name":"(anonymous_12)","decl":{"start":{"line":91,"column":20},"end":{"line":91,"column":21}},"loc":{"start":{"line":91,"column":29},"end":{"line":91,"column":68}},"line":91},"13":{"name":"(anonymous_13)","decl":{"start":{"line":91,"column":40},"end":{"line":91,"column":41}},"loc":{"start":{"line":91,"column":49},"end":{"line":91,"column":54}},"line":91},"14":{"name":"(anonymous_14)","decl":{"start":{"line":123,"column":131},"end":{"line":123,"column":132}},"loc":{"start":{"line":123,"column":138},"end":{"line":123,"column":158}},"line":123}},"branchMap":{"0":{"loc":{"start":{"line":58,"column":4},"end":{"line":66,"column":5}},"type":"if","locations":[{"start":{"line":58,"column":4},"end":{"line":66,"column":5}},{"start":{"line":58,"column":4},"end":{"line":66,"column":5}}],"line":58}},"s":{"0":7,"1":7,"2":7,"3":7,"4":7,"5":7,"6":8,"7":8,"8":0,"9":0,"10":8,"11":0,"12":0,"13":1,"14":1,"15":1,"16":1,"17":1,"18":3,"19":1,"20":1,"21":1,"22":1,"23":1,"24":1,"25":1,"26":12,"27":12,"28":12,"29":60,"30":12,"31":12,"32":0,"33":1,"34":1,"35":1,"36":1,"37":1,"38":1,"39":1,"40":1,"41":1,"42":1},"f":{"0":7,"1":8,"2":0,"3":0,"4":0,"5":0,"6":1,"7":1,"8":3,"9":1,"10":1,"11":12,"12":12,"13":60,"14":0},"b":{"0":[1,0]},"_coverageSchema":"332fd63041d2c1bcb487cc26dd0d5f7d97098a6c","hash":"cd56062388a9e7df09ddd7c9d29e088b59c57ee3"}
,"/Users/luantran/Documents/FEC/FEC-app/reviews-module/client/src/components/stars.jsx": {"path":"/Users/luantran/Documents/FEC/FEC-app/reviews-module/client/src/components/stars.jsx","statementMap":{"0":{"start":{"line":5,"column":14},"end":{"line":137,"column":1}},"1":{"start":{"line":7,"column":2},"end":{"line":136,"column":4}},"2":{"start":{"line":144,"column":17},"end":{"line":147,"column":1}},"3":{"start":{"line":149,"column":18},"end":{"line":152,"column":1}},"4":{"start":{"line":154,"column":19},"end":{"line":157,"column":1}},"5":{"start":{"line":159,"column":21},"end":{"line":163,"column":1}},"6":{"start":{"line":165,"column":18},"end":{"line":169,"column":1}},"7":{"start":{"line":171,"column":17},"end":{"line":180,"column":1}},"8":{"start":{"line":182,"column":20},"end":{"line":191,"column":1}},"9":{"start":{"line":193,"column":23},"end":{"line":197,"column":1}},"10":{"start":{"line":199,"column":20},"end":{"line":201,"column":1}}},"fnMap":{"0":{"name":"(anonymous_0)","decl":{"start":{"line":5,"column":14},"end":{"line":5,"column":15}},"loc":{"start":{"line":5,"column":25},"end":{"line":137,"column":1}},"line":5}},"branchMap":{},"s":{"0":2,"1":6,"2":2,"3":2,"4":2,"5":2,"6":2,"7":2,"8":2,"9":2,"10":2},"f":{"0":6},"b":{},"_coverageSchema":"332fd63041d2c1bcb487cc26dd0d5f7d97098a6c","hash":"4fe4f0a9b9a80a8be8e86974dea1a8c5dd603647"}
,"/Users/luantran/Documents/FEC/FEC-app/reviews-module/test/setupTest.js": {"path":"/Users/luantran/Documents/FEC/FEC-app/reviews-module/test/setupTest.js","statementMap":{"0":{"start":{"line":5,"column":0},"end":{"line":5,"column":38}}},"fnMap":{},"branchMap":{},"s":{"0":6},"f":{},"b":{},"_coverageSchema":"332fd63041d2c1bcb487cc26dd0d5f7d97098a6c","hash":"31755c72570136d9747ef2c00984735fe07b1a36"}
,"/Users/luantran/Documents/FEC/FEC-app/reviews-module/test/sum.js": {"path":"/Users/luantran/Documents/FEC/FEC-app/reviews-module/test/sum.js","statementMap":{"0":{"start":{"line":2,"column":2},"end":{"line":2,"column":15}},"1":{"start":{"line":4,"column":0},"end":{"line":4,"column":21}}},"fnMap":{"0":{"name":"sum","decl":{"start":{"line":1,"column":9},"end":{"line":1,"column":12}},"loc":{"start":{"line":1,"column":19},"end":{"line":3,"column":1}},"line":1}},"branchMap":{},"s":{"0":1,"1":1},"f":{"0":1},"b":{},"_coverageSchema":"332fd63041d2c1bcb487cc26dd0d5f7d97098a6c","hash":"91ff62c04e778cbc41c519294d4df74e083e069b"}
}
