TN:
SF:/Users/luantran/Documents/FEC/FEC-app/reviews-module/client/src/components/list.jsx
FN:6,(anonymous_0)
FN:8,(anonymous_1)
FNF:2
FNH:2
FNDA:6,(anonymous_0)
FNDA:4,(anonymous_1)
DA:6,3
DA:7,6
DA:9,4
LF:3
LH:3
BRF:0
BRH:0
end_of_record
TN:
SF:/Users/luantran/Documents/FEC/FEC-app/reviews-module/client/src/components/listEntry.jsx
FN:6,(anonymous_0)
FN:15,(anonymous_1)
FN:16,(anonymous_2)
FN:21,(anonymous_3)
FNF:4
FNH:4
FNDA:3,(anonymous_0)
FNDA:1,(anonymous_1)
FNDA:1,(anonymous_2)
FNDA:4,(anonymous_3)
DA:7,3
DA:9,3
DA:12,3
DA:16,1
DA:22,4
DA:25,4
DA:55,3
DA:62,3
DA:69,3
DA:76,3
DA:84,3
DA:88,3
DA:94,3
DA:101,3
LF:14
LH:14
BRDA:22,0,0,1
BRDA:22,0,1,3
BRDA:41,1,0,3
BRDA:41,1,1,1
BRF:4
BRH:4
end_of_record
TN:
SF:/Users/luantran/Documents/FEC/FEC-app/reviews-module/client/src/components/report.jsx
FN:5,(anonymous_0)
FNF:1
FNH:1
FNDA:6,(anonymous_0)
DA:5,2
DA:6,6
DA:69,2
LF:3
LH:3
BRF:0
BRH:0
end_of_record
TN:
SF:/Users/luantran/Documents/FEC/FEC-app/reviews-module/client/src/components/reviews.jsx
FN:11,(anonymous_0)
FN:27,(anonymous_1)
FN:32,(anonymous_2)
FN:39,(anonymous_3)
FN:42,(anonymous_4)
FN:48,(anonymous_5)
FN:51,(anonymous_6)
FN:57,(anonymous_7)
FN:61,(anonymous_8)
FN:69,(anonymous_9)
FN:75,(anonymous_10)
FN:81,(anonymous_11)
FN:91,(anonymous_12)
FN:91,(anonymous_13)
FN:123,(anonymous_14)
FNF:15
FNH:10
FNDA:7,(anonymous_0)
FNDA:8,(anonymous_1)
FNDA:0,(anonymous_2)
FNDA:0,(anonymous_3)
FNDA:0,(anonymous_4)
FNDA:0,(anonymous_5)
FNDA:1,(anonymous_6)
FNDA:1,(anonymous_7)
FNDA:3,(anonymous_8)
FNDA:1,(anonymous_9)
FNDA:1,(anonymous_10)
FNDA:12,(anonymous_11)
FNDA:12,(anonymous_12)
FNDA:60,(anonymous_13)
FNDA:0,(anonymous_14)
DA:12,7
DA:14,7
DA:21,7
DA:22,7
DA:23,7
DA:24,7
DA:28,8
DA:31,8
DA:34,0
DA:39,0
DA:41,8
DA:44,0
DA:48,0
DA:52,1
DA:58,1
DA:59,1
DA:60,1
DA:61,1
DA:62,3
DA:63,1
DA:70,1
DA:71,1
DA:72,1
DA:76,1
DA:77,1
DA:78,1
DA:84,12
DA:91,60
DA:93,12
DA:96,12
DA:123,0
DA:145,1
DA:151,1
DA:161,1
DA:172,1
DA:178,1
DA:182,1
DA:189,1
DA:193,1
DA:205,1
DA:213,1
LF:41
LH:36
BRDA:58,0,0,1
BRDA:58,0,1,0
BRF:2
BRH:1
end_of_record
TN:
SF:/Users/luantran/Documents/FEC/FEC-app/reviews-module/client/src/components/stars.jsx
FN:5,(anonymous_0)
FNF:1
FNH:1
FNDA:6,(anonymous_0)
DA:5,2
DA:7,6
DA:144,2
DA:149,2
DA:154,2
DA:159,2
DA:165,2
DA:171,2
DA:182,2
DA:193,2
DA:199,2
LF:11
LH:11
BRF:0
BRH:0
end_of_record
TN:
SF:/Users/luantran/Documents/FEC/FEC-app/reviews-module/test/setupTest.js
FNF:0
FNH:0
DA:5,6
LF:1
LH:1
BRF:0
BRH:0
end_of_record
TN:
SF:/Users/luantran/Documents/FEC/FEC-app/reviews-module/test/sum.js
FN:1,sum
FNF:1
FNH:1
FNDA:1,sum
DA:2,1
DA:4,1
LF:2
LH:2
BRF:0
BRH:0
end_of_record
