TN:
SF:/Users/Li/Desktop/reviews-module/client/src/components/list.jsx
FN:6,(anonymous_0)
FN:8,(anonymous_1)
FNF:2
FNH:2
FNDA:1,(anonymous_0)
FNDA:3,(anonymous_1)
DA:6,2
DA:7,1
DA:9,3
LF:3
LH:3
BRF:0
BRH:0
end_of_record
TN:
SF:/Users/Li/Desktop/reviews-module/client/src/components/listEntry.jsx
FN:6,(anonymous_0)
FN:14,(anonymous_1)
FN:15,(anonymous_2)
FN:20,(anonymous_3)
FNF:4
FNH:2
FNDA:1,(anonymous_0)
FNDA:0,(anonymous_1)
FNDA:0,(anonymous_2)
FNDA:1,(anonymous_3)
DA:7,1
DA:9,1
DA:15,0
DA:21,1
DA:24,1
DA:55,3
DA:62,3
DA:70,3
DA:77,3
DA:85,3
DA:89,3
DA:95,3
DA:102,3
LF:13
LH:12
BRDA:21,0,0,0
BRDA:21,0,1,1
BRDA:41,1,0,1
BRDA:41,1,1,0
BRF:4
BRH:2
end_of_record
TN:
SF:/Users/Li/Desktop/reviews-module/client/src/components/reviews.jsx
FN:10,(anonymous_0)
FN:23,(anonymous_1)
FN:28,(anonymous_2)
FN:35,(anonymous_3)
FN:38,(anonymous_4)
FN:44,(anonymous_5)
FN:47,(anonymous_6)
FN:53,(anonymous_7)
FN:58,(anonymous_8)
FN:68,(anonymous_9)
FN:78,(anonymous_10)
FN:78,(anonymous_11)
FN:106,(anonymous_12)
FNF:13
FNH:5
FNDA:2,(anonymous_0)
FNDA:2,(anonymous_1)
FNDA:0,(anonymous_2)
FNDA:0,(anonymous_3)
FNDA:0,(anonymous_4)
FNDA:0,(anonymous_5)
FNDA:0,(anonymous_6)
FNDA:0,(anonymous_7)
FNDA:0,(anonymous_8)
FNDA:2,(anonymous_9)
FNDA:2,(anonymous_10)
FNDA:10,(anonymous_11)
FNDA:0,(anonymous_12)
DA:11,2
DA:13,2
DA:19,2
DA:20,2
DA:24,2
DA:27,2
DA:30,0
DA:35,0
DA:37,2
DA:40,0
DA:44,0
DA:48,0
DA:54,0
DA:55,0
DA:56,0
DA:58,0
DA:59,0
DA:61,0
DA:71,2
DA:78,10
DA:80,2
DA:83,2
DA:106,0
DA:133,1
DA:139,1
DA:149,1
DA:160,1
DA:166,1
DA:170,1
DA:176,1
DA:184,1
LF:31
LH:19
BRDA:54,0,0,0
BRDA:54,0,1,0
BRF:2
BRH:0
end_of_record
TN:
SF:/Users/Li/Desktop/reviews-module/client/src/components/stars.jsx
FN:5,(anonymous_0)
FNF:1
FNH:0
FNDA:0,(anonymous_0)
DA:5,1
DA:7,0
DA:144,1
DA:149,1
DA:154,1
DA:159,1
DA:165,1
DA:171,1
DA:182,1
DA:193,1
DA:199,1
LF:11
LH:10
BRF:0
BRH:0
end_of_record
TN:
SF:/Users/Li/Desktop/reviews-module/test/setupTest.js
FNF:0
FNH:0
DA:5,4
LF:1
LH:1
BRF:0
BRH:0
end_of_record
TN:
SF:/Users/Li/Desktop/reviews-module/test/sum.js
FN:1,sum
FNF:1
FNH:1
FNDA:1,sum
DA:2,1
DA:4,1
LF:2
LH:2
BRF:0
BRH:0
end_of_record
